<?xml version="1.0" encoding="UTF-8"?>
<testsuite name="chairing.chairing.ChairingApplicationTests" tests="1" skipped="0" failures="0" errors="0" timestamp="2024-09-25T06:48:58" hostname="DESKTOP-LICRKDR" time="0.335">
  <properties/>
  <testcase name="contextLoads()" classname="chairing.chairing.ChairingApplicationTests" time="0.335"/>
  <system-out><![CDATA[15:48:54.428 [Test worker] INFO org.springframework.test.context.support.AnnotationConfigContextLoaderUtils -- Could not detect default configuration classes for test class [chairing.chairing.ChairingApplicationTests]: ChairingApplicationTests does not declare any static, non-private, non-final, nested classes annotated with @Configuration.
15:48:54.505 [Test worker] INFO org.springframework.boot.test.context.SpringBootTestContextBootstrapper -- Found @SpringBootConfiguration chairing.chairing.ChairingApplication for test class chairing.chairing.ChairingApplicationTests

  .   ____          _            __ _ _
 /\\ / ___'_ __ _ _(_)_ __  __ _ \ \ \ \
( ( )\___ | '_ | '_| | '_ \/ _` | \ \ \ \
 \\/  ___)| |_)| | | | | || (_| |  ) ) ) )
  '  |____| .__|_| |_|_| |_\__, | / / / /
 =========|_|==============|___/=/_/_/_/

 :: Spring Boot ::                (v3.3.3)

2024-09-25T15:48:54.776+09:00  INFO 20888 --- [chairing] [    Test worker] c.chairing.ChairingApplicationTests      : Starting ChairingApplicationTests using Java 21.0.1 with PID 20888 (started by User in D:\project\chairing)
2024-09-25T15:48:54.777+09:00  INFO 20888 --- [chairing] [    Test worker] c.chairing.ChairingApplicationTests      : No active profile set, falling back to 1 default profile: "default"
2024-09-25T15:48:54.799+09:00 DEBUG 20888 --- [chairing] [    Test worker] o.s.w.c.s.GenericWebApplicationContext   : Refreshing org.springframework.web.context.support.GenericWebApplicationContext@ecfbe91
2024-09-25T15:48:55.266+09:00  INFO 20888 --- [chairing] [    Test worker] .s.d.r.c.RepositoryConfigurationDelegate : Bootstrapping Spring Data JPA repositories in DEFAULT mode.
2024-09-25T15:48:55.322+09:00  INFO 20888 --- [chairing] [    Test worker] .s.d.r.c.RepositoryConfigurationDelegate : Finished Spring Data repository scanning in 51 ms. Found 7 JPA repository interfaces.
2024-09-25T15:48:55.754+09:00  INFO 20888 --- [chairing] [    Test worker] o.hibernate.jpa.internal.util.LogHelper  : HHH000204: Processing PersistenceUnitInfo [name: default]
2024-09-25T15:48:55.825+09:00  INFO 20888 --- [chairing] [    Test worker] org.hibernate.Version                    : HHH000412: Hibernate ORM core version 6.5.2.Final
2024-09-25T15:48:55.858+09:00  INFO 20888 --- [chairing] [    Test worker] o.h.c.internal.RegionFactoryInitiator    : HHH000026: Second-level cache disabled
2024-09-25T15:48:56.114+09:00  INFO 20888 --- [chairing] [    Test worker] o.s.o.j.p.SpringPersistenceUnitInfo      : No LoadTimeWeaver setup: ignoring JPA class transformer
2024-09-25T15:48:56.134+09:00  INFO 20888 --- [chairing] [    Test worker] com.zaxxer.hikari.HikariDataSource       : HikariPool-1 - Starting...
2024-09-25T15:48:56.309+09:00  INFO 20888 --- [chairing] [    Test worker] com.zaxxer.hikari.pool.HikariPool        : HikariPool-1 - Added connection conn0: url=jdbc:h2:~/chairing user=SA
2024-09-25T15:48:56.310+09:00  INFO 20888 --- [chairing] [    Test worker] com.zaxxer.hikari.HikariDataSource       : HikariPool-1 - Start completed.
2024-09-25T15:48:56.326+09:00  WARN 20888 --- [chairing] [    Test worker] org.hibernate.orm.deprecation            : HHH90000025: H2Dialect does not need to be specified explicitly using 'hibernate.dialect' (remove the property setting and it will be selected by default)
2024-09-25T15:48:57.053+09:00  INFO 20888 --- [chairing] [    Test worker] o.h.e.t.j.p.i.JtaPlatformInitiator       : HHH000489: No JTA platform available (set 'hibernate.transaction.jta.platform' to enable JTA platform integration)
2024-09-25T15:48:57.094+09:00  INFO 20888 --- [chairing] [    Test worker] j.LocalContainerEntityManagerFactoryBean : Initialized JPA EntityManagerFactory for persistence unit 'default'
2024-09-25T15:48:57.479+09:00  INFO 20888 --- [chairing] [    Test worker] o.s.d.j.r.query.QueryEnhancerFactory     : Hibernate is in classpath; If applicable, HQL parser will be used.
2024-09-25T15:48:57.992+09:00  INFO 20888 --- [chairing] [    Test worker] r$InitializeUserDetailsManagerConfigurer : Global AuthenticationManager configured with UserDetailsService bean with name userSecurityService
2024-09-25T15:48:58.024+09:00  WARN 20888 --- [chairing] [    Test worker] JpaBaseConfiguration$JpaWebConfiguration : spring.jpa.open-in-view is enabled by default. Therefore, database queries may be performed during view rendering. Explicitly configure spring.jpa.open-in-view to disable this warning
2024-09-25T15:48:58.105+09:00  INFO 20888 --- [chairing] [    Test worker] o.s.b.a.w.s.WelcomePageHandlerMapping    : Adding welcome page template: index
2024-09-25T15:48:58.157+09:00 DEBUG 20888 --- [chairing] [    Test worker] s.w.s.m.m.a.RequestMappingHandlerMapping : 21 mappings in 'requestMappingHandlerMapping'
2024-09-25T15:48:58.260+09:00 DEBUG 20888 --- [chairing] [    Test worker] o.s.w.s.handler.SimpleUrlHandlerMapping  : Patterns [/webjars/**, /**] in 'resourceHandlerMapping'
2024-09-25T15:48:58.313+09:00 DEBUG 20888 --- [chairing] [    Test worker] o.s.s.web.DefaultSecurityFilterChain     : Will secure any request with filters: DisableEncodeUrlFilter, WebAsyncManagerIntegrationFilter, SecurityContextHolderFilter, HeaderWriterFilter, CorsFilter, LogoutFilter, JwtAuthenticationFilter, RequestCacheAwareFilter, SecurityContextHolderAwareRequestFilter, AnonymousAuthenticationFilter, SessionManagementFilter, ExceptionTranslationFilter, AuthorizationFilter
2024-09-25T15:48:58.499+09:00 DEBUG 20888 --- [chairing] [    Test worker] s.w.s.m.m.a.RequestMappingHandlerAdapter : ControllerAdvice beans: 0 @ModelAttribute, 0 @InitBinder, 1 RequestBodyAdvice, 1 ResponseBodyAdvice
2024-09-25T15:48:58.524+09:00 DEBUG 20888 --- [chairing] [    Test worker] .m.m.a.ExceptionHandlerExceptionResolver : ControllerAdvice beans: 0 @ExceptionHandler, 1 ResponseBodyAdvice
2024-09-25T15:48:58.610+09:00  INFO 20888 --- [chairing] [    Test worker] o.s.b.a.h2.H2ConsoleAutoConfiguration    : H2 console available at '/h2-console'. Database available at 'jdbc:h2:~/chairing'
2024-09-25T15:48:58.659+09:00  INFO 20888 --- [chairing] [    Test worker] c.chairing.ChairingApplicationTests      : Started ChairingApplicationTests in 4.045 seconds (process running for 4.951)
]]></system-out>
  <system-err><![CDATA[WARNING: A Java agent has been loaded dynamically (C:\Users\User\.gradle\caches\modules-2\files-2.1\net.bytebuddy\byte-buddy-agent\1.14.19\154da3a65b4f4a909d3e5bdec55d1b2b4cbb6ce1\byte-buddy-agent-1.14.19.jar)
WARNING: If a serviceability tool is in use, please run with -XX:+EnableDynamicAgentLoading to hide this warning
WARNING: If a serviceability tool is not in use, please run with -Djdk.instrument.traceUsage for more information
WARNING: Dynamic loading of agents will be disallowed by default in a future release
]]></system-err>
</testsuite>
